\BOOKMARK [1][-]{section.1}{Introduction}{}% 1
\BOOKMARK [1][-]{section.2}{System\040Model}{}% 2
\BOOKMARK [2][-]{subsection.2.1}{Communication\040Model}{section.2}% 3
\BOOKMARK [2][-]{subsection.2.2}{Computation\040Model}{section.2}% 4
\BOOKMARK [3][-]{subsubsection.2.2.1}{Local\040Execution}{subsection.2.2}% 5
\BOOKMARK [3][-]{subsubsection.2.2.2}{Edge\040Execution}{subsection.2.2}% 6
\BOOKMARK [1][-]{section.3}{Task\040Offloading\040problem\040Formulation}{}% 7
\BOOKMARK [2][-]{subsection.3.1}{State\040Space}{section.3}% 8
\BOOKMARK [2][-]{subsection.3.2}{Action\040Space}{section.3}% 9
\BOOKMARK [2][-]{subsection.3.3}{QoE\040Function}{section.3}% 10
\BOOKMARK [2][-]{subsection.3.4}{Problem\040Formulation}{section.3}% 11
\BOOKMARK [1][-]{section.4}{DRL-Based\040Offloading\040Algorithm}{}% 12
\BOOKMARK [2][-]{subsection.4.1}{DQN-based\040solution}{section.4}% 13
\BOOKMARK [3][-]{subsubsection.4.1.1}{Predicting\040Workloads\040at\040ENs}{subsection.4.1}% 14
\BOOKMARK [3][-]{subsubsection.4.1.2}{State-Action\040Q-Value\040Mapping}{subsection.4.1}% 15
\BOOKMARK [3][-]{subsubsection.4.1.3}{Dueling-DQN\040Approach\040for\040Q-Value\040Estimation}{subsection.4.1}% 16
\BOOKMARK [2][-]{subsection.4.2}{QoE-Oriented\040DRL-Based\040Algorithm}{section.4}% 17
\BOOKMARK [3][-]{subsubsection.4.2.1}{Offloading\040Decision\040Algorithm\040at\040MD\040i\040I}{subsection.4.2}% 18
\BOOKMARK [3][-]{subsubsection.4.2.2}{Training\040Process\040Algorithm\040at\040EN\040j\040J}{subsection.4.2}% 19
\BOOKMARK [1][-]{section.5}{Performance\040Evaluation}{}% 20
\BOOKMARK [2][-]{subsection.5.1}{Simulation\040Setup}{section.5}% 21
\BOOKMARK [2][-]{subsection.5.2}{Performance\040Comparison}{section.5}% 22
\BOOKMARK [1][-]{section.6}{Conclusion}{}% 23
